nohup: ignoring input
Configuration file: /root/mmhzheng.github.io/_config.yml
To use retry middleware with Faraday v2.0+, install `faraday-retry` gem
            Source: /root/mmhzheng.github.io
       Destination: /root/mmhzheng.github.io/_site
 Incremental build: disabled. Enable with --incremental
      Generating... 
       Jekyll Feed: Generating feed for posts
[33m   GitHub Metadata: No GitHub API authentication could be found. Some fields may be missing or have incorrect data.[0m
                    done in 6.636 seconds.
 Auto-regeneration: enabled for '/root/mmhzheng.github.io'
LiveReload address: http://0.0.0.0:35729
    Server address: http://0.0.0.0:4000
  Server running... press ctrl-c to stop.
      Regenerating: 1 file(s) changed at 2024-08-13 00:23:49
                    log.log
       Jekyll Feed: Generating feed for posts
                    ...done in 6.558065542 seconds.
                    
      Regenerating: 1 file(s) changed at 2024-08-13 00:23:56
                    log.log
       Jekyll Feed: Generating feed for posts
                    ...done in 5.643930928 seconds.
                    
      Regenerating: 1 file(s) changed at 2024-08-13 00:24:01
                    log.log
       Jekyll Feed: Generating feed for posts
                    ...done in 5.561085184 seconds.
                    
      Regenerating: 1 file(s) changed at 2024-08-13 00:24:07
                    log.log
       Jekyll Feed: Generating feed for posts
                    ...done in 5.945670077 seconds.
                    
      Regenerating: 1 file(s) changed at 2024-08-13 00:24:13
                    log.log
       Jekyll Feed: Generating feed for posts
                    ...done in 5.613730681 seconds.
                    
      Regenerating: 2 file(s) changed at 2024-08-13 00:24:19
                    log.log
                    _pages/about.md
       Jekyll Feed: Generating feed for posts
                    ...done in 5.502971203 seconds.
                    
      Regenerating: 1 file(s) changed at 2024-08-13 00:24:24
                    log.log
       Jekyll Feed: Generating feed for posts
                    ...done in 5.459003422 seconds.
                    
      Regenerating: 1 file(s) changed at 2024-08-13 00:24:30
                    log.log
       Jekyll Feed: Generating feed for posts
                    ...done in 5.507304136 seconds.
                    
      Regenerating: 1 file(s) changed at 2024-08-13 00:24:36
                    log.log
       Jekyll Feed: Generating feed for posts
                    ...done in 5.490847497 seconds.
                    
      Regenerating: 1 file(s) changed at 2024-08-13 00:24:41
                    log.log
       Jekyll Feed: Generating feed for posts
                    ...done in 5.524533345 seconds.
                    
      Regenerating: 1 file(s) changed at 2024-08-13 00:24:47
                    log.log
       Jekyll Feed: Generating feed for posts
                    ...done in 5.63709974 seconds.
                    
      Regenerating: 1 file(s) changed at 2024-08-13 00:24:53
                    log.log
       Jekyll Feed: Generating feed for posts
                    ...done in 5.554134149 seconds.
                    
      Regenerating: 1 file(s) changed at 2024-08-13 00:24:58
                    log.log
       Jekyll Feed: Generating feed for posts
                    ...done in 5.651441411 seconds.
                    
      Regenerating: 1 file(s) changed at 2024-08-13 00:25:04
                    log.log
       Jekyll Feed: Generating feed for posts
                    ...done in 5.596677768 seconds.
                    
      Regenerating: 1 file(s) changed at 2024-08-13 00:25:10
                    log.log
       Jekyll Feed: Generating feed for posts
                    ...done in 5.549028958 seconds.
                    
      Regenerating: 1 file(s) changed at 2024-08-13 00:25:15
                    log.log
       Jekyll Feed: Generating feed for posts
                    ...done in 5.521309958 seconds.
                    
      Regenerating: 1 file(s) changed at 2024-08-13 00:25:21
                    log.log
       Jekyll Feed: Generating feed for posts
                    ...done in 5.446901049 seconds.
                    
      Regenerating: 1 file(s) changed at 2024-08-13 00:25:27
                    log.log
       Jekyll Feed: Generating feed for posts
                    ...done in 5.511970978 seconds.
                    
      Regenerating: 1 file(s) changed at 2024-08-13 00:25:32
                    log.log
       Jekyll Feed: Generating feed for posts
                    ...done in 5.483521169 seconds.
                    
      Regenerating: 1 file(s) changed at 2024-08-13 00:25:38
                    log.log
       Jekyll Feed: Generating feed for posts
                    ...done in 5.585253645 seconds.
                    
      Regenerating: 1 file(s) changed at 2024-08-13 00:25:43
                    log.log
       Jekyll Feed: Generating feed for posts
                    ...done in 5.537094985 seconds.
                    
      Regenerating: 1 file(s) changed at 2024-08-13 00:25:49
                    log.log
       Jekyll Feed: Generating feed for posts
